<?xml version="1.0" encoding="UTF-8"?>
<testng-results skipped="0" failed="0" ignored="0" total="1" passed="1">
  <reporter-output>
  </reporter-output>
  <suite name="Default suite" duration-ms="746" started-at="2020-03-06T14:37:02Z" finished-at="2020-03-06T14:37:02Z">
    <groups>
    </groups>
    <test name="Default test" duration-ms="746" started-at="2020-03-06T14:37:02Z" finished-at="2020-03-06T14:37:02Z">
      <class name="awsDesktopBrowsersample.DesktopBrowserAWS">
        <test-method status="PASS" signature="setup()[pri:0, instance:awsDesktopBrowsersample.DesktopBrowserAWS@4cf777e8]" name="setup" is-config="true" duration-ms="82242" started-at="2020-03-06T14:35:39Z" finished-at="2020-03-06T14:37:02Z">
          <reporter-output>
          </reporter-output>
        </test-method> <!-- setup -->
        <test-method status="PASS" signature="myTest()[pri:0, instance:awsDesktopBrowsersample.DesktopBrowserAWS@4cf777e8]" name="myTest" duration-ms="681" started-at="2020-03-06T14:37:02Z" finished-at="2020-03-06T14:37:02Z">
          <reporter-output>
          </reporter-output>
        </test-method> <!-- myTest -->
      </class> <!-- awsDesktopBrowsersample.DesktopBrowserAWS -->
    </test> <!-- Default test -->
  </suite> <!-- Default suite -->
</testng-results>
